<?xml version="1.0" encoding="UTF-8"?>
<!-- Generated by org.testng.reporters.JUnitReportReporter -->
<testsuite hostname="ETHAN_ALEX" failures="0" tests="1" name="testscript.ManageNewsTest" time="10.284" errors="0" timestamp="2025-01-31T12:08:52 IST" skipped="0">
  <testcase classname="testscript.ManageNewsTest" name="verifyThatUserCanCreateNewsSuccessfully" time="10.284"/>
</testsuite> <!-- testscript.ManageNewsTest -->
