<?xml version="1.0" encoding="UTF-8"?>
<!-- Generated by org.testng.reporters.JUnitReportReporter -->
<testsuite hostname="ETHAN_ALEX" failures="0" tests="1" name="testscript.LoginTest" time="10.638" errors="0" timestamp="2025-02-11T15:05:38 IST" skipped="0">
  <testcase classname="testscript.LoginTest" name="verifyTheUserIsAbleToLoginUsingValidCredentials" time="10.638"/>
</testsuite> <!-- testscript.LoginTest -->
