<?xml version="1.0" encoding="UTF-8"?>
<!-- Generated by org.testng.reporters.JUnitReportReporter -->
<testsuite hostname="ETHAN_ALEX" failures="0" tests="1" name="testscript.Login" time="9.430" errors="0" timestamp="2025-02-05T14:05:18 IST" skipped="0">
  <testcase classname="testscript.Login" name="loginTest1" time="9.430"/>
</testsuite> <!-- testscript.Login -->
