<?xml version="1.0" encoding="UTF-8"?>
<!-- Generated by org.testng.reporters.JUnitReportReporter -->
<testsuite hostname="ETHAN_ALEX" failures="0" tests="1" name="testscript.AdminUsersTest" time="7.377" errors="0" timestamp="2025-02-03T14:19:12 IST" skipped="0">
  <testcase classname="testscript.AdminUsersTest" name="verifyWhetherSaveButtonIsDisplayed" time="7.377"/>
</testsuite> <!-- testscript.AdminUsersTest -->
